d:\vs_workspace\datastructuredemo1\planwar\x64\debug\vc140.pdb
d:\vs_workspace\datastructuredemo1\planwar\x64\debug\map.obj
d:\vs_workspace\datastructuredemo1\planwar\x64\debug\mainscene.obj
d:\vs_workspace\datastructuredemo1\planwar\x64\debug\main.obj
d:\vs_workspace\datastructuredemo1\planwar\x64\debug\item.obj
d:\vs_workspace\datastructuredemo1\planwar\x64\debug\heroplane.obj
d:\vs_workspace\datastructuredemo1\planwar\x64\debug\moc_mainscene.obj
d:\vs_workspace\datastructuredemo1\planwar\x64\debug\enemyplane.obj
d:\vs_workspace\datastructuredemo1\planwar\x64\debug\bullet.obj
d:\vs_workspace\datastructuredemo1\planwar\x64\debug\bomb.obj
d:\vs_workspace\datastructuredemo1\planwar\x64\debug\qrc_image.obj
d:\vs_workspace\datastructuredemo1\planwar\generatedfiles\debug\moc_mainscene.cpp
d:\vs_workspace\datastructuredemo1\planwar\generatedfiles\ui_mainscene.h
d:\vs_workspace\datastructuredemo1\x64\debug\planewar.ilk
d:\vs_workspace\datastructuredemo1\x64\debug\planewar.exe
d:\vs_workspace\datastructuredemo1\x64\debug\planewar.pdb
d:\vs_workspace\datastructuredemo1\planwar\x64\debug\planewar.tlog\cl.command.1.tlog
d:\vs_workspace\datastructuredemo1\planwar\x64\debug\planewar.tlog\cl.read.1.tlog
d:\vs_workspace\datastructuredemo1\planwar\x64\debug\planewar.tlog\cl.write.1.tlog
d:\vs_workspace\datastructuredemo1\planwar\x64\debug\planewar.tlog\custombuild.command.1.tlog
d:\vs_workspace\datastructuredemo1\planwar\x64\debug\planewar.tlog\custombuild.read.1.tlog
d:\vs_workspace\datastructuredemo1\planwar\x64\debug\planewar.tlog\custombuild.write.1.tlog
d:\vs_workspace\datastructuredemo1\planwar\x64\debug\planewar.tlog\link.command.1.tlog
d:\vs_workspace\datastructuredemo1\planwar\x64\debug\planewar.tlog\link.read.1.tlog
d:\vs_workspace\datastructuredemo1\planwar\x64\debug\planewar.tlog\link.write.1.tlog
